********************************************************************************
DUPLICATOR-LITE PACKAGE-LOG: 05.03.2019 13:49
NOTICE: Do NOT post to public sites or forums 
********************************************************************************
VERSION:	1.3.8
WORDPRESS:	4.9.9
PHP INFO:	5.5.38 | SAPI: apache2handler
SERVER:		Apache 
PHP TIME LIMIT: (0) no time limit imposed 
PHP MAX MEMORY: 4294967296 (1536M default) 
MEMORY STACK: 30.75MB 

********************************************************************************
DATABASE:
********************************************************************************
BUILD MODE:   PHP(query limit - 100)
MYSQLTIMEOUT: 5000
MYSQLDUMP:    Not Supported 
TABLES: total:13 | filtered:0 | create:13 
FILTERED: [] 
SQL CREATED: 20190305_proizvodstvoimontazhalyumini_61b3bab5bad156a53729_20190305134854_database.sql 
SQL FILE SIZE: 619.86KB (634740) 
SQL FILE TIME: 2019-03-05 13:49:08 
SQL RUNTIME: 1.14 sec. 

******************************************************************************** 
ARCHIVE (ZIP): 
******************************************************************************** 
ARCHIVE DIR:  C:/OSPanel/domains/office-montage.local 
ARCHIVE FILE: 20190305_proizvodstvoimontazhalyumini_61b3bab5bad156a53729_20190305134854_archive.zip 
FILTERS: *OFF* 
DIRS:
	not set 
FILES:
	not set 
EXTS:  not set 
---------------------------------------- 
COMPRESSING 
SIZE:	67.81MB 
STATS:	Dirs 468 | Files 2,928 
SQL ADDED: 20190305_proizvodstvoimontazhalyumini_61b3bab5bad156a53729_20190305134854_database.sql 
ZipArchive Object
(
    [status] => 0
    [statusSys] => 0
    [numFiles] => 3396
    [filename] => C:\OSPanel\domains\office-montage.local\wp-snapshots\tmp\20190305_proizvodstvoimontazhalyumini_61b3bab5bad156a53729_20190305134854_archive.zip
    [comment] => 
)
 
FILE ADDED TO ZIP: 3395 
COMPRESSION RESULT: '1' 
COMPRESSED SIZE: 32.37MB 
ARCHIVE RUNTIME: 15.55 sec. 
MEMORY STACK: 31.75MB 
building installer 
add_extra_files1 
add_extra_files2 
add_extra_files3 
add_extra_files4 
Doing archive file check 
add_extra_files5 
add_extra_files6 
add_extra_files8 
Successfully opened zip C:/OSPanel/domains/office-montage.local/wp-snapshots/tmp/20190305_proizvodstvoimontazhalyumini_61b3bab5bad156a53729_20190305134854_archive.zip 
Adding enhanced installer files to archive using ZipArchive 
Installer files added to archive 
Added to archive 
After ziparchive close when adding installer 

******************************************************************************** 
INTEGRITY CHECKS: 
******************************************************************************** 
SQL FILE: 619.86KB 
INSTALLER FILE: 44.55KB 
ARCHIVE FILE: 33.21MB  
EXPECTED FILE/DIRECTORY COUNT: 3,396 
ACTUAL FILE/DIRECTORY COUNT: 3,395 
ARCHIVE CONSISTENCY TEST: Pass 

********************************************************************************
RECORD ID:[1]
TOTAL PROCESS RUNTIME: 17.22 sec.
PEAK PHP MEMORY USED: 33MB
DONE PROCESSING => 20190305_proizvodstvoimontazhalyumini 05.03.2019 13:49
 
